<?xml version="1.0" encoding="UTF-8"?>
<!-- Generated by org.testng.reporters.JUnitReportReporter -->
<testsuite hostname="DESKTOP-9LOH7IS" failures="0" tests="1" name="com.bankingproject.testclass.TestClass_001" time="62.232" errors="0" timestamp="2022-07-27T08:25:36 IST" skipped="0">
  <testcase classname="com.bankingproject.testclass.TestClass_001" name="loginTest" time="62.232"/>
  <system-out/>
</testsuite> <!-- com.bankingproject.testclass.TestClass_001 -->
